<?xml version="1.0" encoding="UTF-8"?>
<testng-results skipped="0" failed="2" ignored="0" total="3" passed="1">
  <reporter-output>
  </reporter-output>
  <suite name="Debug Suite" duration-ms="15643" started-at="2019-06-25T04:12:07Z" finished-at="2019-06-25T04:12:22Z">
    <groups>
    </groups>
    <test name="Debug Test" duration-ms="15643" started-at="2019-06-25T04:12:07Z" finished-at="2019-06-25T04:12:22Z">
      <class name="com.bosch.debug.DebugTest02">
        <test-method status="PASS" signature="debugTest02()[pri:0, instance:com.bosch.debug.DebugTest02@5c153b9e]" name="debugTest02" duration-ms="5486" started-at="2019-06-25T04:12:14Z" description="Verify description of test case" finished-at="2019-06-25T04:12:19Z">
          <reporter-output>
          </reporter-output>
        </test-method> <!-- debugTest02 -->
        <test-method status="FAIL" signature="debugTest03()[pri:0, instance:com.bosch.debug.DebugTest02@5c153b9e]" name="debugTest03" duration-ms="2024" started-at="2019-06-25T04:12:19Z" finished-at="2019-06-25T04:12:21Z">
          <exception class="java.lang.AssertionError">
            <message>
              <![CDATA[Fail to click on element!]]>
            </message>
            <full-stacktrace>
              <![CDATA[java.lang.AssertionError: Fail to click on element!
at org.testng.Assert.fail(Assert.java:85)
at utilities.selenium.WebActions.click(WebActions.java:28)
at com.bosch.debug.GooglePage.openGooglePage(GooglePage.java:13)
at com.bosch.debug.DebugTest02.debugTest03(DebugTest02.java:28)
at sun.reflect.NativeMethodAccessorImpl.invoke0(Native Method)
at sun.reflect.NativeMethodAccessorImpl.invoke(NativeMethodAccessorImpl.java:62)
at sun.reflect.DelegatingMethodAccessorImpl.invoke(DelegatingMethodAccessorImpl.java:43)
at java.lang.reflect.Method.invoke(Method.java:498)
at org.testng.internal.MethodInvocationHelper.invokeMethod(MethodInvocationHelper.java:124)
at org.testng.internal.Invoker.invokeMethod(Invoker.java:583)
at org.testng.internal.Invoker.invokeTestMethod(Invoker.java:719)
at org.testng.internal.Invoker.invokeTestMethods(Invoker.java:989)
at org.testng.internal.TestMethodWorker.invokeTestMethods(TestMethodWorker.java:125)
at org.testng.internal.TestMethodWorker.run(TestMethodWorker.java:109)
at java.util.concurrent.ThreadPoolExecutor.runWorker(ThreadPoolExecutor.java:1149)
at java.util.concurrent.ThreadPoolExecutor$Worker.run(ThreadPoolExecutor.java:624)
at java.lang.Thread.run(Thread.java:748)
Caused by: java.lang.NullPointerException
at org.openqa.selenium.support.pagefactory.DefaultElementLocator.findElement(DefaultElementLocator.java:69)
at org.openqa.selenium.support.pagefactory.internal.LocatingElementHandler.invoke(LocatingElementHandler.java:38)
at com.sun.proxy.$Proxy10.click(Unknown Source)
at utilities.selenium.WebActions.click(WebActions.java:24)
... 15 more
]]>
            </full-stacktrace>
          </exception> <!-- java.lang.AssertionError -->
          <reporter-output>
          </reporter-output>
        </test-method> <!-- debugTest03 -->
      </class> <!-- com.bosch.debug.DebugTest02 -->
      <class name="com.bosch.debug.DebugTest">
        <test-method status="FAIL" signature="debugTest()[pri:0, instance:com.bosch.debug.DebugTest@4409e975]" name="debugTest" duration-ms="2502" started-at="2019-06-25T04:12:14Z" finished-at="2019-06-25T04:12:16Z">
          <exception class="java.lang.AssertionError">
            <message>
              <![CDATA[Fail to click on element!]]>
            </message>
            <full-stacktrace>
              <![CDATA[java.lang.AssertionError: Fail to click on element!
at org.testng.Assert.fail(Assert.java:85)
at utilities.selenium.WebActions.click(WebActions.java:28)
at com.bosch.debug.GooglePage.openGooglePage(GooglePage.java:13)
at com.bosch.debug.DebugTest.debugTest(DebugTest.java:18)
at sun.reflect.NativeMethodAccessorImpl.invoke0(Native Method)
at sun.reflect.NativeMethodAccessorImpl.invoke(NativeMethodAccessorImpl.java:62)
at sun.reflect.DelegatingMethodAccessorImpl.invoke(DelegatingMethodAccessorImpl.java:43)
at java.lang.reflect.Method.invoke(Method.java:498)
at org.testng.internal.MethodInvocationHelper.invokeMethod(MethodInvocationHelper.java:124)
at org.testng.internal.Invoker.invokeMethod(Invoker.java:583)
at org.testng.internal.Invoker.invokeTestMethod(Invoker.java:719)
at org.testng.internal.Invoker.invokeTestMethods(Invoker.java:989)
at org.testng.internal.TestMethodWorker.invokeTestMethods(TestMethodWorker.java:125)
at org.testng.internal.TestMethodWorker.run(TestMethodWorker.java:109)
at java.util.concurrent.ThreadPoolExecutor.runWorker(ThreadPoolExecutor.java:1149)
at java.util.concurrent.ThreadPoolExecutor$Worker.run(ThreadPoolExecutor.java:624)
at java.lang.Thread.run(Thread.java:748)
Caused by: java.lang.NullPointerException
at org.openqa.selenium.support.pagefactory.DefaultElementLocator.findElement(DefaultElementLocator.java:69)
at org.openqa.selenium.support.pagefactory.internal.LocatingElementHandler.invoke(LocatingElementHandler.java:38)
at com.sun.proxy.$Proxy10.click(Unknown Source)
at utilities.selenium.WebActions.click(WebActions.java:24)
... 15 more
]]>
            </full-stacktrace>
          </exception> <!-- java.lang.AssertionError -->
          <reporter-output>
          </reporter-output>
        </test-method> <!-- debugTest -->
      </class> <!-- com.bosch.debug.DebugTest -->
    </test> <!-- Debug Test -->
  </suite> <!-- Debug Suite -->
</testng-results>
